TRACE::2020-05-25.14:13:37::SCWBifWriter::Found the complete platform C:/eFPGA/OPDRACHT_2/Workspace_Exercises/EX_1_ROT_ENC/export/EX_1_ROT_ENC/EX_1_ROT_ENC.xpfm
TRACE::2020-05-25.14:13:37::SCWBifWriter::hardware databse : design_1_wrapper_2
TRACE::2020-05-25.14:13:37::SCWBifWriter::bitstream found in the design
TRACE::2020-05-25.14:13:37::SCWBifWriter::Found a baremetal domain, proc: ps7_cortexa9_0
TRACE::2020-05-25.14:13:37::SCWBifWriter::proc type : 
TRACE::2020-05-25.14:13:37::SCWBifWriter::proc[0] : ps7_cortexa9_0
TRACE::2020-05-25.14:13:37::SCWBifWriter::Device type is : zynq
TRACE::2020-05-25.14:13:37::SCWBifWriter::Writing BIF to file : C:/eFPGA/OPDRACHT_2/Workspace_Exercises/EX_1_ROT_ENC_App_system/Debug/system.bif
TRACE::2020-05-25.14:13:37::SCWBifWriter::Writing the Zynq Baremetal bif 
TRACE::2020-05-25.14:15:53::SCWBifWriter::Found the complete platform C:/eFPGA/OPDRACHT_2/Workspace_Exercises/EX_1_ROT_ENC/export/EX_1_ROT_ENC/EX_1_ROT_ENC.xpfm
TRACE::2020-05-25.14:15:54::SCWBifWriter::hardware databse : design_1_wrapper_2
TRACE::2020-05-25.14:15:54::SCWBifWriter::bitstream found in the design
TRACE::2020-05-25.14:15:54::SCWBifWriter::Found a baremetal domain, proc: ps7_cortexa9_0
TRACE::2020-05-25.14:15:54::SCWBifWriter::proc type : 
TRACE::2020-05-25.14:15:54::SCWBifWriter::proc[0] : ps7_cortexa9_0
TRACE::2020-05-25.14:15:54::SCWBifWriter::Device type is : zynq
TRACE::2020-05-25.14:15:54::SCWBifWriter::Writing BIF to file : C:/eFPGA/OPDRACHT_2/Workspace_Exercises/EX_1_ROT_ENC_App_system/Debug/system.bif
TRACE::2020-05-25.14:15:54::SCWBifWriter::Writing the Zynq Baremetal bif 
TRACE::2020-05-25.14:18:52::SCWBifWriter::Found the complete platform C:/eFPGA/OPDRACHT_2/Workspace_Exercises/EX_1_ROT_ENC/export/EX_1_ROT_ENC/EX_1_ROT_ENC.xpfm
TRACE::2020-05-25.14:18:52::SCWBifWriter::hardware databse : design_1_wrapper_2
TRACE::2020-05-25.14:18:52::SCWBifWriter::bitstream found in the design
TRACE::2020-05-25.14:18:52::SCWBifWriter::Found a baremetal domain, proc: ps7_cortexa9_0
TRACE::2020-05-25.14:18:52::SCWBifWriter::proc type : 
TRACE::2020-05-25.14:18:52::SCWBifWriter::proc[0] : ps7_cortexa9_0
TRACE::2020-05-25.14:18:52::SCWBifWriter::Device type is : zynq
TRACE::2020-05-25.14:18:52::SCWBifWriter::Writing BIF to file : C:/eFPGA/OPDRACHT_2/Workspace_Exercises/EX_1_ROT_ENC_App_system/Debug/system.bif
TRACE::2020-05-25.14:18:52::SCWBifWriter::Writing the Zynq Baremetal bif 
TRACE::2020-05-25.14:21:11::SCWBifWriter::Found the complete platform C:/eFPGA/OPDRACHT_2/Workspace_Exercises/EX_1_ROT_ENC/export/EX_1_ROT_ENC/EX_1_ROT_ENC.xpfm
TRACE::2020-05-25.14:21:11::SCWBifWriter::hardware databse : design_1_wrapper_2
TRACE::2020-05-25.14:21:11::SCWBifWriter::bitstream found in the design
TRACE::2020-05-25.14:21:11::SCWBifWriter::Found a baremetal domain, proc: ps7_cortexa9_0
TRACE::2020-05-25.14:21:11::SCWBifWriter::proc type : 
TRACE::2020-05-25.14:21:11::SCWBifWriter::proc[0] : ps7_cortexa9_0
TRACE::2020-05-25.14:21:11::SCWBifWriter::Device type is : zynq
TRACE::2020-05-25.14:21:11::SCWBifWriter::Writing BIF to file : C:/eFPGA/OPDRACHT_2/Workspace_Exercises/EX_1_ROT_ENC_App_system/Debug/system.bif
TRACE::2020-05-25.14:21:11::SCWBifWriter::Writing the Zynq Baremetal bif 
TRACE::2020-05-25.14:22:57::SCWBifWriter::Found the complete platform C:/eFPGA/OPDRACHT_2/Workspace_Exercises/EX_1_ROT_ENC/export/EX_1_ROT_ENC/EX_1_ROT_ENC.xpfm
TRACE::2020-05-25.14:22:58::SCWBifWriter::hardware databse : design_1_wrapper_2
TRACE::2020-05-25.14:22:58::SCWBifWriter::bitstream found in the design
TRACE::2020-05-25.14:22:58::SCWBifWriter::Found a baremetal domain, proc: ps7_cortexa9_0
TRACE::2020-05-25.14:22:58::SCWBifWriter::proc type : 
TRACE::2020-05-25.14:22:58::SCWBifWriter::proc[0] : ps7_cortexa9_0
TRACE::2020-05-25.14:22:58::SCWBifWriter::Device type is : zynq
TRACE::2020-05-25.14:22:58::SCWBifWriter::Writing BIF to file : C:/eFPGA/OPDRACHT_2/Workspace_Exercises/EX_1_ROT_ENC_App_system/Debug/system.bif
TRACE::2020-05-25.14:22:58::SCWBifWriter::Writing the Zynq Baremetal bif 
TRACE::2020-05-25.14:23:17::SCWBifWriter::Found the complete platform C:/eFPGA/OPDRACHT_2/Workspace_Exercises/EX_1_ROT_ENC/export/EX_1_ROT_ENC/EX_1_ROT_ENC.xpfm
TRACE::2020-05-25.14:23:17::SCWBifWriter::hardware databse : design_1_wrapper_2
TRACE::2020-05-25.14:23:17::SCWBifWriter::bitstream found in the design
TRACE::2020-05-25.14:23:17::SCWBifWriter::Found a baremetal domain, proc: ps7_cortexa9_0
TRACE::2020-05-25.14:23:17::SCWBifWriter::proc type : 
TRACE::2020-05-25.14:23:17::SCWBifWriter::proc[0] : ps7_cortexa9_0
TRACE::2020-05-25.14:23:17::SCWBifWriter::Device type is : zynq
TRACE::2020-05-25.14:23:17::SCWBifWriter::Writing BIF to file : C:/eFPGA/OPDRACHT_2/Workspace_Exercises/EX_1_ROT_ENC_App_system/Debug/system.bif
TRACE::2020-05-25.14:23:17::SCWBifWriter::Writing the Zynq Baremetal bif 
TRACE::2020-05-25.14:25:59::SCWBifWriter::Found the complete platform C:/eFPGA/OPDRACHT_2/Workspace_Exercises/EX_1_ROT_ENC/export/EX_1_ROT_ENC/EX_1_ROT_ENC.xpfm
TRACE::2020-05-25.14:26:00::SCWBifWriter::hardware databse : design_1_wrapper_2
TRACE::2020-05-25.14:26:00::SCWBifWriter::bitstream found in the design
TRACE::2020-05-25.14:26:00::SCWBifWriter::Found a baremetal domain, proc: ps7_cortexa9_0
TRACE::2020-05-25.14:26:00::SCWBifWriter::proc type : 
TRACE::2020-05-25.14:26:00::SCWBifWriter::proc[0] : ps7_cortexa9_0
TRACE::2020-05-25.14:26:00::SCWBifWriter::Device type is : zynq
TRACE::2020-05-25.14:26:00::SCWBifWriter::Writing BIF to file : C:/eFPGA/OPDRACHT_2/Workspace_Exercises/EX_1_ROT_ENC_App_system/Debug/system.bif
TRACE::2020-05-25.14:26:00::SCWBifWriter::Writing the Zynq Baremetal bif 
TRACE::2020-05-25.14:27:43::SCWBifWriter::Found the complete platform C:/eFPGA/OPDRACHT_2/Workspace_Exercises/EX_1_ROT_ENC/export/EX_1_ROT_ENC/EX_1_ROT_ENC.xpfm
TRACE::2020-05-25.14:27:43::SCWBifWriter::hardware databse : design_1_wrapper_2
TRACE::2020-05-25.14:27:43::SCWBifWriter::bitstream found in the design
TRACE::2020-05-25.14:27:43::SCWBifWriter::Found a baremetal domain, proc: ps7_cortexa9_0
TRACE::2020-05-25.14:27:43::SCWBifWriter::proc type : 
TRACE::2020-05-25.14:27:43::SCWBifWriter::proc[0] : ps7_cortexa9_0
TRACE::2020-05-25.14:27:43::SCWBifWriter::Device type is : zynq
TRACE::2020-05-25.14:27:43::SCWBifWriter::Writing BIF to file : C:/eFPGA/OPDRACHT_2/Workspace_Exercises/EX_1_ROT_ENC_App_system/Debug/system.bif
TRACE::2020-05-25.14:27:43::SCWBifWriter::Writing the Zynq Baremetal bif 
TRACE::2020-05-25.14:38:35::SCWBifWriter::Found the complete platform C:/eFPGA/OPDRACHT_2/Workspace_Exercises/EX_1_ROT_ENC/export/EX_1_ROT_ENC/EX_1_ROT_ENC.xpfm
TRACE::2020-05-25.14:38:35::SCWBifWriter::hardware databse : design_1_wrapper_2
TRACE::2020-05-25.14:38:35::SCWBifWriter::bitstream found in the design
TRACE::2020-05-25.14:38:35::SCWBifWriter::Found a baremetal domain, proc: ps7_cortexa9_0
TRACE::2020-05-25.14:38:35::SCWBifWriter::proc type : 
TRACE::2020-05-25.14:38:35::SCWBifWriter::proc[0] : ps7_cortexa9_0
TRACE::2020-05-25.14:38:35::SCWBifWriter::Device type is : zynq
TRACE::2020-05-25.14:38:35::SCWBifWriter::Writing BIF to file : C:/eFPGA/OPDRACHT_2/Workspace_Exercises/EX_1_ROT_ENC_App_system/Debug/system.bif
TRACE::2020-05-25.14:38:35::SCWBifWriter::Writing the Zynq Baremetal bif 
TRACE::2020-05-25.14:39:54::SCWBifWriter::Found the complete platform C:/eFPGA/OPDRACHT_2/Workspace_Exercises/EX_1_ROT_ENC/export/EX_1_ROT_ENC/EX_1_ROT_ENC.xpfm
TRACE::2020-05-25.14:39:54::SCWBifWriter::hardware databse : design_1_wrapper_2
TRACE::2020-05-25.14:39:54::SCWBifWriter::bitstream found in the design
TRACE::2020-05-25.14:39:54::SCWBifWriter::Found a baremetal domain, proc: ps7_cortexa9_0
TRACE::2020-05-25.14:39:54::SCWBifWriter::proc type : 
TRACE::2020-05-25.14:39:54::SCWBifWriter::proc[0] : ps7_cortexa9_0
TRACE::2020-05-25.14:39:54::SCWBifWriter::Device type is : zynq
TRACE::2020-05-25.14:39:54::SCWBifWriter::Writing BIF to file : C:/eFPGA/OPDRACHT_2/Workspace_Exercises/EX_1_ROT_ENC_App_system/Debug/system.bif
TRACE::2020-05-25.14:39:54::SCWBifWriter::Writing the Zynq Baremetal bif 
TRACE::2020-05-25.14:40:34::SCWBifWriter::Found the complete platform C:/eFPGA/OPDRACHT_2/Workspace_Exercises/EX_1_ROT_ENC/export/EX_1_ROT_ENC/EX_1_ROT_ENC.xpfm
TRACE::2020-05-25.14:40:34::SCWBifWriter::hardware databse : design_1_wrapper_2
TRACE::2020-05-25.14:40:34::SCWBifWriter::bitstream found in the design
TRACE::2020-05-25.14:40:34::SCWBifWriter::Found a baremetal domain, proc: ps7_cortexa9_0
TRACE::2020-05-25.14:40:34::SCWBifWriter::proc type : 
TRACE::2020-05-25.14:40:34::SCWBifWriter::proc[0] : ps7_cortexa9_0
TRACE::2020-05-25.14:40:34::SCWBifWriter::Device type is : zynq
TRACE::2020-05-25.14:40:34::SCWBifWriter::Writing BIF to file : C:/eFPGA/OPDRACHT_2/Workspace_Exercises/EX_1_ROT_ENC_App_system/Debug/system.bif
TRACE::2020-05-25.14:40:34::SCWBifWriter::Writing the Zynq Baremetal bif 
TRACE::2020-05-25.14:43:51::SCWBifWriter::Found the complete platform C:/eFPGA/OPDRACHT_2/Workspace_Exercises/EX_1_ROT_ENC/export/EX_1_ROT_ENC/EX_1_ROT_ENC.xpfm
TRACE::2020-05-25.14:43:51::SCWBifWriter::hardware databse : design_1_wrapper_3
TRACE::2020-05-25.14:43:51::SCWBifWriter::bitstream found in the design
TRACE::2020-05-25.14:43:51::SCWBifWriter::Found a baremetal domain, proc: ps7_cortexa9_0
TRACE::2020-05-25.14:43:51::SCWBifWriter::proc type : 
TRACE::2020-05-25.14:43:51::SCWBifWriter::proc[0] : ps7_cortexa9_0
TRACE::2020-05-25.14:43:51::SCWBifWriter::Device type is : zynq
TRACE::2020-05-25.14:43:51::SCWBifWriter::Writing BIF to file : C:/eFPGA/OPDRACHT_2/Workspace_Exercises/EX_1_ROT_ENC_App_system/Debug/system.bif
TRACE::2020-05-25.14:43:51::SCWBifWriter::Writing the Zynq Baremetal bif 
TRACE::2020-05-25.14:45:38::SCWBifWriter::Found the complete platform C:/eFPGA/OPDRACHT_2/Workspace_Exercises/EX_1_ROT_ENC/export/EX_1_ROT_ENC/EX_1_ROT_ENC.xpfm
TRACE::2020-05-25.14:45:38::SCWBifWriter::hardware databse : design_1_wrapper_3
TRACE::2020-05-25.14:45:38::SCWBifWriter::bitstream found in the design
TRACE::2020-05-25.14:45:38::SCWBifWriter::Found a baremetal domain, proc: ps7_cortexa9_0
TRACE::2020-05-25.14:45:38::SCWBifWriter::proc type : 
TRACE::2020-05-25.14:45:38::SCWBifWriter::proc[0] : ps7_cortexa9_0
TRACE::2020-05-25.14:45:38::SCWBifWriter::Device type is : zynq
TRACE::2020-05-25.14:45:38::SCWBifWriter::Writing BIF to file : C:/eFPGA/OPDRACHT_2/Workspace_Exercises/EX_1_ROT_ENC_App_system/Debug/system.bif
TRACE::2020-05-25.14:45:38::SCWBifWriter::Writing the Zynq Baremetal bif 
TRACE::2020-05-25.14:47:27::SCWBifWriter::Found the complete platform C:/eFPGA/OPDRACHT_2/Workspace_Exercises/EX_1_ROT_ENC/export/EX_1_ROT_ENC/EX_1_ROT_ENC.xpfm
TRACE::2020-05-25.14:47:27::SCWBifWriter::hardware databse : design_1_wrapper_3
TRACE::2020-05-25.14:47:27::SCWBifWriter::bitstream found in the design
TRACE::2020-05-25.14:47:27::SCWBifWriter::Found a baremetal domain, proc: ps7_cortexa9_0
TRACE::2020-05-25.14:47:27::SCWBifWriter::proc type : 
TRACE::2020-05-25.14:47:27::SCWBifWriter::proc[0] : ps7_cortexa9_0
TRACE::2020-05-25.14:47:27::SCWBifWriter::Device type is : zynq
TRACE::2020-05-25.14:47:27::SCWBifWriter::Writing BIF to file : C:/eFPGA/OPDRACHT_2/Workspace_Exercises/EX_1_ROT_ENC_App_system/Debug/system.bif
TRACE::2020-05-25.14:47:27::SCWBifWriter::Writing the Zynq Baremetal bif 
TRACE::2020-05-25.14:57:01::SCWBifWriter::Found the complete platform C:/eFPGA/OPDRACHT_2/Workspace_Exercises/EX_1_ROT_ENC/export/EX_1_ROT_ENC/EX_1_ROT_ENC.xpfm
TRACE::2020-05-25.14:57:01::SCWBifWriter::hardware databse : design_1_wrapper_3
TRACE::2020-05-25.14:57:01::SCWBifWriter::bitstream found in the design
TRACE::2020-05-25.14:57:01::SCWBifWriter::Found a baremetal domain, proc: ps7_cortexa9_0
TRACE::2020-05-25.14:57:01::SCWBifWriter::proc type : 
TRACE::2020-05-25.14:57:01::SCWBifWriter::proc[0] : ps7_cortexa9_0
TRACE::2020-05-25.14:57:01::SCWBifWriter::Device type is : zynq
TRACE::2020-05-25.14:57:01::SCWBifWriter::Writing BIF to file : C:/eFPGA/OPDRACHT_2/Workspace_Exercises/EX_1_ROT_ENC_App_system/Debug/system.bif
TRACE::2020-05-25.14:57:01::SCWBifWriter::Writing the Zynq Baremetal bif 
